<?xml version="1.0" encoding="UTF-8"?>
<!-- Generated by org.testng.reporters.JUnitReportReporter -->
<testsuite skipped="0" hostname="parth.bhardwaj" name="Test_PetEndPoints" tests="1" failures="0" timestamp="2021-09-15T13:31:33 IST" time="3.590" errors="0">
  <testcase name="verify_POST_UserIsAbleToAddANewPet" time="3.590" classname="Test_PetEndPoints"/>
  <system-out>
200 expected code matched with actual code 200  </system-out>
</testsuite> <!-- Test_PetEndPoints -->
